<?xml version="1.0" encoding="UTF-8"?>
<!-- Generated by org.testng.reporters.JUnitReportReporter -->
<testsuite hostname="emels-MacBook-Pro.local" failures="0" tests="2" name="com.weborders.tests.functional_tests.PositiveTest" time="22.050" errors="0" timestamp="03 Apr 2020 20:23:30 GMT" skipped="0">
  <testcase classname="com.weborders.tests.functional_tests.PositiveTest" name="ValidCredentials" time="9.723"/>
  <testcase classname="com.weborders.tests.functional_tests.PositiveTest" name="ViewAllOrdersPage" time="12.327"/>
</testsuite> <!-- com.weborders.tests.functional_tests.PositiveTest -->
