<?xml version="1.0" encoding="UTF-8"?>
<!-- Generated by org.testng.reporters.JUnitReportReporter -->
<testsuite hostname="emels-MacBook-Pro.local" failures="0" tests="1" name="com.weborders.tests.functional_tests.OrderPageTest" time="15.737" errors="0" timestamp="03 Apr 2020 20:23:30 GMT" skipped="0">
  <testcase classname="com.weborders.tests.functional_tests.OrderPageTest" name="orderInfo" time="15.737"/>
</testsuite> <!-- com.weborders.tests.functional_tests.OrderPageTest -->
