<?xml version="1.0" encoding="UTF-8"?>
<!-- Generated by org.testng.reporters.JUnitReportReporter -->
<testsuite hostname="emels-MacBook-Pro.local" failures="0" tests="1" name="com.weborders.tests.smoke_test.PageHeadersTest" time="14.980" errors="0" timestamp="03 Apr 2020 20:23:30 GMT" skipped="0">
  <testcase classname="com.weborders.tests.smoke_test.PageHeadersTest" name="pageHeadersTest" time="14.980"/>
</testsuite> <!-- com.weborders.tests.smoke_test.PageHeadersTest -->
